<?xml version="1.0" encoding="UTF-8"?>
<!-- Generated by org.testng.reporters.JUnitReportReporter -->
<testsuite hostname="lenovo" failures="0" tests="1" name="StepDefinition.extentReportDemo" time="38.600" errors="0" timestamp="2021-04-03T13:44:57 IST" skipped="0">
  <testcase classname="StepDefinition.extentReportDemo" name="initialDemo" time="38.600"/>
  <system-out/>
</testsuite> <!-- StepDefinition.extentReportDemo -->
